<?xml version="1.0" encoding="UTF-8"?>
<robot generator="Robot 4.1.1 (Python 3.9.7 on win32)" generated="20211018 06:54:24.235" rpa="false" schemaversion="2">
<suite id="s1" name="Data Table" source="C:\Users\Theo IT\OneDrive\Área de Trabalho\SkillsLibrary\QA\qaninjarobotpythonselenium\python_selenium_and_robot\8datatables\tests\data_table.robot">
<test id="s1-t1" name="Verifica do valor ao informar o número da linha">
<kw name="New Session" library="base" type="SETUP">
<kw name="Open Browser" library="SeleniumLibrary">
<arg>${url}</arg>
<arg>chrome</arg>
<doc>Opens a new browser instance to the optional ``url``.</doc>
<msg timestamp="20211018 06:54:24.459" level="INFO">Opening browser 'chrome' to base url 'http://training-wheels-protocol.herokuapp.com'.</msg>
<status status="PASS" starttime="20211018 06:54:24.459" endtime="20211018 06:54:31.109"/>
</kw>
<status status="PASS" starttime="20211018 06:54:24.459" endtime="20211018 06:54:31.109"/>
</kw>
<kw name="Go To" library="SeleniumLibrary">
<arg>${url}/tables</arg>
<doc>Navigates the current browser window to the provided ``url``.</doc>
<msg timestamp="20211018 06:54:31.110" level="INFO">Opening url 'http://training-wheels-protocol.herokuapp.com/tables'</msg>
<status status="PASS" starttime="20211018 06:54:31.110" endtime="20211018 06:54:31.655"/>
</kw>
<kw name="Table Row Should Contain" library="SeleniumLibrary">
<arg>id:actors</arg>
<arg>1</arg>
<arg>@robertdowneyjr</arg>
<doc>Verifies that table row contains text ``expected``.</doc>
<status status="PASS" starttime="20211018 06:54:31.656" endtime="20211018 06:54:31.719"/>
</kw>
<kw name="End Session" library="base" type="TEARDOWN">
<kw name="Capture Page Screenshot" library="SeleniumLibrary">
<doc>Takes a screenshot of the current page and embeds it into a log file.</doc>
<msg timestamp="20211018 06:54:31.825" level="INFO" html="true">&lt;/td&gt;&lt;/tr&gt;&lt;tr&gt;&lt;td colspan="3"&gt;&lt;a href="selenium-screenshot-18.png"&gt;&lt;img src="selenium-screenshot-18.png" width="800px"&gt;&lt;/a&gt;</msg>
<status status="PASS" starttime="20211018 06:54:31.721" endtime="20211018 06:54:31.825"/>
</kw>
<kw name="Close Browser" library="SeleniumLibrary">
<doc>Closes the current browser.</doc>
<status status="PASS" starttime="20211018 06:54:31.825" endtime="20211018 06:54:33.971"/>
</kw>
<status status="PASS" starttime="20211018 06:54:31.720" endtime="20211018 06:54:33.972"/>
</kw>
<status status="PASS" starttime="20211018 06:54:24.458" endtime="20211018 06:54:33.972"/>
</test>
<test id="s1-t2" name="Descobre a linha pelo texto chave e valida os demais valores">
<kw name="New Session" library="base" type="SETUP">
<kw name="Open Browser" library="SeleniumLibrary">
<arg>${url}</arg>
<arg>chrome</arg>
<doc>Opens a new browser instance to the optional ``url``.</doc>
<msg timestamp="20211018 06:54:33.975" level="INFO">Opening browser 'chrome' to base url 'http://training-wheels-protocol.herokuapp.com'.</msg>
<status status="PASS" starttime="20211018 06:54:33.975" endtime="20211018 06:54:37.119"/>
</kw>
<status status="PASS" starttime="20211018 06:54:33.974" endtime="20211018 06:54:37.119"/>
</kw>
<kw name="Go To" library="SeleniumLibrary">
<arg>${url}/tables</arg>
<doc>Navigates the current browser window to the provided ``url``.</doc>
<msg timestamp="20211018 06:54:37.120" level="INFO">Opening url 'http://training-wheels-protocol.herokuapp.com/tables'</msg>
<status status="PASS" starttime="20211018 06:54:37.120" endtime="20211018 06:54:37.526"/>
</kw>
<kw name="Get WebElement" library="SeleniumLibrary">
<var>${target}</var>
<arg>xpath:.//tr[contains(., '@chadwickboseman')]</arg>
<doc>Returns the first WebElement matching the given ``locator``.</doc>
<msg timestamp="20211018 06:54:37.537" level="INFO">${target} = &lt;selenium.webdriver.remote.webelement.WebElement (session="2be963990fca7f10da9494625ac246f9", element="4c95358d-17f3-4b32-936d-4d1f2576e7cd")&gt;</msg>
<status status="PASS" starttime="20211018 06:54:37.526" endtime="20211018 06:54:37.538"/>
</kw>
<kw name="Log" library="BuiltIn">
<arg>${target.text}</arg>
<doc>Logs the given message with the given level.</doc>
<msg timestamp="20211018 06:54:37.551" level="INFO">Chadwick Boseman Pantera Negra Vingadores $ 700.000 @chadwickboseman edit delete</msg>
<status status="PASS" starttime="20211018 06:54:37.538" endtime="20211018 06:54:37.551"/>
</kw>
<kw name="Log To Console" library="BuiltIn">
<arg>${target.text}</arg>
<doc>Logs the given message to the console.</doc>
<status status="PASS" starttime="20211018 06:54:37.552" endtime="20211018 06:54:37.561"/>
</kw>
<kw name="Should Contain" library="BuiltIn">
<arg>${target.text}</arg>
<arg>$ 700.000</arg>
<doc>Fails if ``container`` does not contain ``item`` one or more times.</doc>
<status status="PASS" starttime="20211018 06:54:37.562" endtime="20211018 06:54:37.570"/>
</kw>
<kw name="Should Contain" library="BuiltIn">
<arg>${target.text}</arg>
<arg>Pantera Negra</arg>
<doc>Fails if ``container`` does not contain ``item`` one or more times.</doc>
<status status="PASS" starttime="20211018 06:54:37.570" endtime="20211018 06:54:37.579"/>
</kw>
<kw name="End Session" library="base" type="TEARDOWN">
<kw name="Capture Page Screenshot" library="SeleniumLibrary">
<doc>Takes a screenshot of the current page and embeds it into a log file.</doc>
<msg timestamp="20211018 06:54:37.686" level="INFO" html="true">&lt;/td&gt;&lt;/tr&gt;&lt;tr&gt;&lt;td colspan="3"&gt;&lt;a href="selenium-screenshot-19.png"&gt;&lt;img src="selenium-screenshot-19.png" width="800px"&gt;&lt;/a&gt;</msg>
<status status="PASS" starttime="20211018 06:54:37.580" endtime="20211018 06:54:37.686"/>
</kw>
<kw name="Close Browser" library="SeleniumLibrary">
<doc>Closes the current browser.</doc>
<status status="PASS" starttime="20211018 06:54:37.686" endtime="20211018 06:54:39.804"/>
</kw>
<status status="PASS" starttime="20211018 06:54:37.580" endtime="20211018 06:54:39.804"/>
</kw>
<status status="PASS" starttime="20211018 06:54:33.974" endtime="20211018 06:54:39.804"/>
</test>
<status status="PASS" starttime="20211018 06:54:24.235" endtime="20211018 06:54:39.807"/>
</suite>
<statistics>
<total>
<stat pass="2" fail="0" skip="0">All Tests</stat>
</total>
<tag>
</tag>
<suite>
<stat pass="2" fail="0" skip="0" id="s1" name="Data Table">Data Table</stat>
</suite>
</statistics>
<errors>
</errors>
</robot>
